0 info it worked if it ends with ok
1 verbose cli [ 'C:\\Program Files\\nodejs\\node.exe',
1 verbose cli   'C:\\Program Files\\nodejs\\node_modules\\npm\\bin\\npm-cli.js',
1 verbose cli   'run',
1 verbose cli   'test' ]
2 info using npm@3.10.10
3 info using node@v6.10.0
4 verbose run-script [ 'pretest', 'test', 'posttest' ]
5 info lifecycle the-windlog@0.1.0~pretest: the-windlog@0.1.0
6 silly lifecycle the-windlog@0.1.0~pretest: no script for pretest, continuing
7 info lifecycle the-windlog@0.1.0~test: the-windlog@0.1.0
8 verbose lifecycle the-windlog@0.1.0~test: unsafe-perm in lifecycle true
9 verbose lifecycle the-windlog@0.1.0~test: PATH: C:\Program Files\nodejs\node_modules\npm\bin\node-gyp-bin;E:\nodeServers\TheWindLog\node_modules\.bin;C:\ProgramData\Oracle\Java\javapath;c:\Program Files (x86)\Intel\iCLS Client\;c:\Program Files\Intel\iCLS Client\;C:\Windows\system32;C:\Windows;C:\Windows\System32\Wbem;C:\Windows\System32\WindowsPowerShell\v1.0\;C:\Program Files\Intel\Intel(R) Management Engine Components\DAL;C:\Program Files\Intel\Intel(R) Management Engine Components\IPT;C:\Program Files (x86)\Intel\Intel(R) Management Engine Components\DAL;C:\Program Files (x86)\Intel\Intel(R) Management Engine Components\IPT;C:\Program Files (x86)\NetSupport\NetSupport DNA\Client;C:\Program Files\Microsoft SQL Server\110\Tools\Binn\;C:\Program Files\Microsoft\Web Platform Installer\;C:\Program Files (x86)\Microsoft ASP.NET\ASP.NET Web Pages\v1.0\;C:\Program Files (x86)\Windows Kits\8.0\Windows Performance Toolkit\;C:\Program Files (x86)\Microsoft SQL Server\110\Tools\Binn\;C:\Program Files\Microsoft SQL Server\110\DTS\Binn\;C:\Program Files (x86)\Microsoft SQL Server\110\Tools\Binn\ManagementStudio\;C:\Program Files (x86)\Microsoft SQL Server\110\DTS\Binn\;C:\Windows\System32\WindowsPowerShell\v1.0\;C:\Program Files\Microsoft SQL Server\130\Tools\Binn\;C:\Program Files (x86)\Microsoft SQL Server\120\DTS\Binn\;C:\Program Files (x86)\Microsoft SQL Server\130\DTS\Binn\;C:\Program Files\dotnet\;C:\Program Files\Git\cmd;C:\ProgramData\chocolatey\bin;C:\Program Files\nodejs\;C:\Program Files\Java\jre1.8.0_25\bin\;C:\Users\ehidalgo\bin\Sencha\Cmd;C:\Ruby193\bin;C:\Program Files (x86)\Microsoft VS Code\bin;C:\Users\ehidalgo\AppData\Roaming\npm
10 verbose lifecycle the-windlog@0.1.0~test: CWD: E:\nodeServers\TheWindLog
11 silly lifecycle the-windlog@0.1.0~test: Args: [ '/d /s /c', 'jasmine-node server/spec/' ]
12 silly lifecycle the-windlog@0.1.0~test: Returned: code: 1  signal: null
13 info lifecycle the-windlog@0.1.0~test: Failed to exec test script
14 verbose stack Error: the-windlog@0.1.0 test: `jasmine-node server/spec/`
14 verbose stack Exit status 1
14 verbose stack     at EventEmitter.<anonymous> (C:\Program Files\nodejs\node_modules\npm\lib\utils\lifecycle.js:255:16)
14 verbose stack     at emitTwo (events.js:106:13)
14 verbose stack     at EventEmitter.emit (events.js:191:7)
14 verbose stack     at ChildProcess.<anonymous> (C:\Program Files\nodejs\node_modules\npm\lib\utils\spawn.js:40:14)
14 verbose stack     at emitTwo (events.js:106:13)
14 verbose stack     at ChildProcess.emit (events.js:191:7)
14 verbose stack     at maybeClose (internal/child_process.js:877:16)
14 verbose stack     at Process.ChildProcess._handle.onexit (internal/child_process.js:226:5)
15 verbose pkgid the-windlog@0.1.0
16 verbose cwd E:\nodeServers\TheWindLog\server
17 error Windows_NT 6.1.7601
18 error argv "C:\\Program Files\\nodejs\\node.exe" "C:\\Program Files\\nodejs\\node_modules\\npm\\bin\\npm-cli.js" "run" "test"
19 error node v6.10.0
20 error npm  v3.10.10
21 error code ELIFECYCLE
22 error the-windlog@0.1.0 test: `jasmine-node server/spec/`
22 error Exit status 1
23 error Failed at the the-windlog@0.1.0 test script 'jasmine-node server/spec/'.
23 error Make sure you have the latest version of node.js and npm installed.
23 error If you do, this is most likely a problem with the the-windlog package,
23 error not with npm itself.
23 error Tell the author that this fails on your system:
23 error     jasmine-node server/spec/
23 error You can get information on how to open an issue for this project with:
23 error     npm bugs the-windlog
23 error Or if that isn't available, you can get their info via:
23 error     npm owner ls the-windlog
23 error There is likely additional logging output above.
24 verbose exit [ 1, true ]
